<?xml version="1.0" encoding="UTF-8"?>
<coverage generated="1587274037567" clover="3.2.0">
  <project timestamp="1587274037567" name="All files">
    <metrics statements="58" coveredstatements="58" conditionals="14" coveredconditionals="10" methods="21" coveredmethods="21" elements="93" coveredelements="89" complexity="0" loc="58" ncloc="58" packages="2" files="5" classes="5"/>
    <package name="src">
      <metrics statements="29" coveredstatements="29" conditionals="8" coveredconditionals="5" methods="10" coveredmethods="10"/>
      <file name="AddToCartCommand.ts" path="C:\dev\CommandDesignPattern\src\AddToCartCommand.ts">
        <metrics statements="15" coveredstatements="15" conditionals="4" coveredconditionals="2" methods="5" coveredmethods="5"/>
        <line num="9" count="1" type="stmt"/>
        <line num="11" count="9" type="stmt"/>
        <line num="12" count="9" type="stmt"/>
        <line num="13" count="9" type="stmt"/>
        <line num="15" count="1" type="stmt"/>
        <line num="16" count="8" type="stmt"/>
        <line num="17" count="8" type="stmt"/>
        <line num="19" count="1" type="stmt"/>
        <line num="20" count="9" type="cond" truecount="1" falsecount="1"/>
        <line num="21" count="9" type="stmt"/>
        <line num="23" count="1" type="stmt"/>
        <line num="24" count="3" type="cond" truecount="1" falsecount="1"/>
        <line num="25" count="3" type="stmt"/>
        <line num="26" count="3" type="stmt"/>
        <line num="28" count="1" type="stmt"/>
      </file>
      <file name="CommandInvoker.ts" path="C:\dev\CommandDesignPattern\src\CommandInvoker.ts">
        <metrics statements="14" coveredstatements="14" conditionals="4" coveredconditionals="3" methods="5" coveredmethods="5"/>
        <line num="3" count="1" type="stmt"/>
        <line num="4" count="5" type="stmt"/>
        <line num="6" count="1" type="stmt"/>
        <line num="7" count="9" type="cond" truecount="2" falsecount="0"/>
        <line num="8" count="8" type="stmt"/>
        <line num="9" count="8" type="stmt"/>
        <line num="13" count="1" type="stmt"/>
        <line num="14" count="1" type="stmt"/>
        <line num="15" count="2" type="stmt"/>
        <line num="19" count="1" type="stmt"/>
        <line num="20" count="1" type="cond" truecount="1" falsecount="1"/>
        <line num="21" count="1" type="stmt"/>
        <line num="22" count="1" type="stmt"/>
        <line num="24" count="1" type="stmt"/>
      </file>
    </package>
    <package name="src._non_important_details">
      <metrics statements="29" coveredstatements="29" conditionals="6" coveredconditionals="5" methods="11" coveredmethods="11"/>
      <file name="MemoryCartRepository.ts" path="C:\dev\CommandDesignPattern\src\_non_important_details\MemoryCartRepository.ts">
        <metrics statements="14" coveredstatements="14" conditionals="2" coveredconditionals="2" methods="5" coveredmethods="5"/>
        <line num="4" count="1" type="stmt"/>
        <line num="5" count="5" type="stmt"/>
        <line num="6" count="1" type="stmt"/>
        <line num="7" count="8" type="stmt"/>
        <line num="8" count="8" type="stmt"/>
        <line num="10" count="1" type="stmt"/>
        <line num="11" count="3" type="stmt"/>
        <line num="12" count="3" type="stmt"/>
        <line num="13" count="3" type="stmt"/>
        <line num="15" count="1" type="stmt"/>
        <line num="16" count="8" type="stmt"/>
        <line num="19" count="1" type="stmt"/>
        <line num="20" count="19" type="cond" truecount="2" falsecount="0"/>
        <line num="22" count="1" type="stmt"/>
      </file>
      <file name="MemoryProductRepository.ts" path="C:\dev\CommandDesignPattern\src\_non_important_details\MemoryProductRepository.ts">
        <metrics statements="12" coveredstatements="12" conditionals="4" coveredconditionals="3" methods="4" coveredmethods="4"/>
        <line num="3" count="1" type="stmt"/>
        <line num="4" count="5" type="stmt"/>
        <line num="5" count="1" type="stmt"/>
        <line num="6" count="18" type="stmt"/>
        <line num="7" count="18" type="stmt"/>
        <line num="9" count="1" type="stmt"/>
        <line num="10" count="8" type="stmt"/>
        <line num="11" count="8" type="cond" truecount="1" falsecount="1"/>
        <line num="12" count="8" type="stmt"/>
        <line num="15" count="1" type="stmt"/>
        <line num="16" count="41" type="cond" truecount="2" falsecount="0"/>
        <line num="18" count="1" type="stmt"/>
      </file>
      <file name="Product.ts" path="C:\dev\CommandDesignPattern\src\_non_important_details\Product.ts">
        <metrics statements="3" coveredstatements="3" conditionals="0" coveredconditionals="0" methods="2" coveredmethods="2"/>
        <line num="1" count="1" type="stmt"/>
        <line num="2" count="9" type="stmt"/>
        <line num="3" count="1" type="stmt"/>
      </file>
    </package>
  </project>
</coverage>
