{"C:\\dev\\CommandDesignPattern\\src\\AddToCartCommand.ts": {"path":"C:\\dev\\CommandDesignPattern\\src\\AddToCartCommand.ts","statementMap":{"0":{"start":{"line":9,"column":0},"end":{"line":9,"column":13}},"1":{"start":{"line":11,"column":12},"end":{"line":11,"column":43}},"2":{"start":{"line":12,"column":12},"end":{"line":12,"column":49}},"3":{"start":{"line":13,"column":12},"end":{"line":13,"column":28}},"4":{"start":{"line":15,"column":9},"end":{"line":18,"column":null}},"5":{"start":{"line":16,"column":4},"end":{"line":16,"column":59}},"6":{"start":{"line":17,"column":4},"end":{"line":17,"column":42}},"7":{"start":{"line":19,"column":9},"end":{"line":22,"column":null}},"8":{"start":{"line":20,"column":4},"end":{"line":20,"column":44}},"9":{"start":{"line":20,"column":31},"end":{"line":20,"column":44}},"10":{"start":{"line":21,"column":4},"end":{"line":21,"column":69}},"11":{"start":{"line":23,"column":9},"end":{"line":27,"column":null}},"12":{"start":{"line":24,"column":4},"end":{"line":24,"column":38}},"13":{"start":{"line":24,"column":31},"end":{"line":24,"column":38}},"14":{"start":{"line":25,"column":4},"end":{"line":25,"column":56}},"15":{"start":{"line":26,"column":4},"end":{"line":26,"column":53}},"16":{"start":{"line":28,"column":0},"end":{"line":28,"column":null}},"17":{"start":{"line":9,"column":13},"end":{"line":9,"column":29}}},"fnMap":{"0":{"name":"(anonymous_0)","decl":{"start":{"line":9,"column":0},"end":{"line":9,"column":13}},"loc":{"start":{"line":9,"column":0},"end":{"line":28,"column":null}}},"1":{"name":"AddToCartCommand","decl":{"start":{"line":10,"column":2},"end":{"line":10,"column":null}},"loc":{"start":{"line":13,"column":28},"end":{"line":14,"column":6}}},"2":{"name":"(anonymous_2)","decl":{"start":{"line":15,"column":2},"end":{"line":15,"column":9}},"loc":{"start":{"line":15,"column":2},"end":{"line":18,"column":3}}},"3":{"name":"(anonymous_3)","decl":{"start":{"line":19,"column":2},"end":{"line":19,"column":9}},"loc":{"start":{"line":19,"column":2},"end":{"line":22,"column":3}}},"4":{"name":"(anonymous_4)","decl":{"start":{"line":23,"column":2},"end":{"line":23,"column":9}},"loc":{"start":{"line":23,"column":2},"end":{"line":27,"column":3}}}},"branchMap":{"0":{"loc":{"start":{"line":20,"column":4},"end":{"line":20,"column":44}},"type":"if","locations":[{"start":{"line":20,"column":4},"end":{"line":20,"column":44}},{"start":{"line":20,"column":4},"end":{"line":20,"column":44}}]},"1":{"loc":{"start":{"line":24,"column":4},"end":{"line":24,"column":38}},"type":"if","locations":[{"start":{"line":24,"column":4},"end":{"line":24,"column":38}},{"start":{"line":24,"column":4},"end":{"line":24,"column":38}}]}},"s":{"0":1,"1":9,"2":9,"3":9,"4":1,"5":8,"6":8,"7":1,"8":9,"9":0,"10":9,"11":1,"12":3,"13":0,"14":3,"15":3,"16":1,"17":1},"f":{"0":1,"1":9,"2":8,"3":9,"4":3},"b":{"0":[0,9],"1":[0,3]}}
,"C:\\dev\\CommandDesignPattern\\src\\CommandInvoker.ts": {"path":"C:\\dev\\CommandDesignPattern\\src\\CommandInvoker.ts","statementMap":{"0":{"start":{"line":3,"column":0},"end":{"line":3,"column":13}},"1":{"start":{"line":4,"column":10},"end":{"line":4,"column":36}},"2":{"start":{"line":6,"column":9},"end":{"line":11,"column":null}},"3":{"start":{"line":7,"column":4},"end":{"line":10,"column":null}},"4":{"start":{"line":8,"column":6},"end":{"line":8,"column":34}},"5":{"start":{"line":9,"column":6},"end":{"line":9,"column":24}},"6":{"start":{"line":13,"column":9},"end":{"line":17,"column":null}},"7":{"start":{"line":14,"column":4},"end":{"line":16,"column":null}},"8":{"start":{"line":15,"column":6},"end":{"line":15,"column":33}},"9":{"start":{"line":19,"column":9},"end":{"line":23,"column":null}},"10":{"start":{"line":20,"column":4},"end":{"line":20,"column":49}},"11":{"start":{"line":20,"column":36},"end":{"line":20,"column":49}},"12":{"start":{"line":21,"column":4},"end":{"line":21,"column":31}},"13":{"start":{"line":22,"column":4},"end":{"line":22,"column":16}},"14":{"start":{"line":24,"column":0},"end":{"line":24,"column":null}},"15":{"start":{"line":3,"column":13},"end":{"line":3,"column":27}}},"fnMap":{"0":{"name":"(anonymous_0)","decl":{"start":{"line":3,"column":0},"end":{"line":3,"column":13}},"loc":{"start":{"line":3,"column":0},"end":{"line":24,"column":null}}},"1":{"name":"CommandInvoker","decl":{"start":{"line":5,"column":2},"end":{"line":5,"column":24}},"loc":{"start":{"line":5,"column":2},"end":{"line":5,"column":25}}},"2":{"name":"(anonymous_2)","decl":{"start":{"line":6,"column":2},"end":{"line":6,"column":9}},"loc":{"start":{"line":6,"column":33},"end":{"line":11,"column":3}}},"3":{"name":"(anonymous_3)","decl":{"start":{"line":13,"column":2},"end":{"line":13,"column":9}},"loc":{"start":{"line":13,"column":2},"end":{"line":17,"column":3}}},"4":{"name":"(anonymous_4)","decl":{"start":{"line":19,"column":2},"end":{"line":19,"column":9}},"loc":{"start":{"line":19,"column":2},"end":{"line":23,"column":3}}}},"branchMap":{"0":{"loc":{"start":{"line":7,"column":4},"end":{"line":10,"column":null}},"type":"if","locations":[{"start":{"line":7,"column":4},"end":{"line":10,"column":null}},{"start":{"line":7,"column":4},"end":{"line":10,"column":null}}]},"1":{"loc":{"start":{"line":20,"column":4},"end":{"line":20,"column":49}},"type":"if","locations":[{"start":{"line":20,"column":4},"end":{"line":20,"column":49}},{"start":{"line":20,"column":4},"end":{"line":20,"column":49}}]}},"s":{"0":1,"1":5,"2":1,"3":9,"4":8,"5":8,"6":1,"7":1,"8":2,"9":1,"10":1,"11":0,"12":1,"13":1,"14":1,"15":1},"f":{"0":1,"1":5,"2":9,"3":1,"4":1},"b":{"0":[8,1],"1":[0,1]}}
,"C:\\dev\\CommandDesignPattern\\src\\_non_important_details\\MemoryCartRepository.ts": {"path":"C:\\dev\\CommandDesignPattern\\src\\_non_important_details\\MemoryCartRepository.ts","statementMap":{"0":{"start":{"line":4,"column":0},"end":{"line":4,"column":13}},"1":{"start":{"line":5,"column":10},"end":{"line":5,"column":70}},"2":{"start":{"line":6,"column":9},"end":{"line":9,"column":null}},"3":{"start":{"line":7,"column":21},"end":{"line":7,"column":57}},"4":{"start":{"line":8,"column":4},"end":{"line":8,"column":61}},"5":{"start":{"line":10,"column":9},"end":{"line":14,"column":null}},"6":{"start":{"line":11,"column":21},"end":{"line":11,"column":49}},"7":{"start":{"line":12,"column":11},"end":{"line":12,"column":12}},"8":{"start":{"line":12,"column":14},"end":{"line":12,"column":21}},"9":{"start":{"line":13,"column":4},"end":{"line":13,"column":33}},"10":{"start":{"line":15,"column":9},"end":{"line":17,"column":null}},"11":{"start":{"line":16,"column":4},"end":{"line":16,"column":47}},"12":{"start":{"line":19,"column":10},"end":{"line":21,"column":null}},"13":{"start":{"line":20,"column":4},"end":{"line":20,"column":40}},"14":{"start":{"line":22,"column":0},"end":{"line":22,"column":null}},"15":{"start":{"line":4,"column":13},"end":{"line":4,"column":33}}},"fnMap":{"0":{"name":"(anonymous_0)","decl":{"start":{"line":4,"column":0},"end":{"line":4,"column":13}},"loc":{"start":{"line":4,"column":0},"end":{"line":22,"column":null}}},"1":{"name":"(anonymous_2)","decl":{"start":{"line":6,"column":2},"end":{"line":6,"column":9}},"loc":{"start":{"line":6,"column":29},"end":{"line":9,"column":3}}},"2":{"name":"(anonymous_3)","decl":{"start":{"line":10,"column":2},"end":{"line":10,"column":9}},"loc":{"start":{"line":10,"column":31},"end":{"line":14,"column":3}}},"3":{"name":"(anonymous_4)","decl":{"start":{"line":15,"column":2},"end":{"line":15,"column":9}},"loc":{"start":{"line":15,"column":33},"end":{"line":17,"column":3}}},"4":{"name":"(anonymous_5)","decl":{"start":{"line":19,"column":2},"end":{"line":19,"column":10}},"loc":{"start":{"line":19,"column":40},"end":{"line":21,"column":3}}}},"branchMap":{"0":{"loc":{"start":{"line":20,"column":11},"end":{"line":20,"column":33}},"type":"binary-expr","locations":[{"start":{"line":20,"column":11},"end":{"line":20,"column":33}},{"start":{"line":20,"column":37},"end":{"line":20,"column":39}}]}},"s":{"0":1,"1":5,"2":1,"3":8,"4":8,"5":1,"6":3,"7":3,"8":3,"9":3,"10":1,"11":8,"12":1,"13":19,"14":1,"15":1},"f":{"0":6,"1":8,"2":3,"3":8,"4":19},"b":{"0":[19,8]}}
,"C:\\dev\\CommandDesignPattern\\src\\_non_important_details\\MemoryProductRepository.ts": {"path":"C:\\dev\\CommandDesignPattern\\src\\_non_important_details\\MemoryProductRepository.ts","statementMap":{"0":{"start":{"line":3,"column":0},"end":{"line":3,"column":13}},"1":{"start":{"line":4,"column":10},"end":{"line":4,"column":64}},"2":{"start":{"line":5,"column":9},"end":{"line":8,"column":null}},"3":{"start":{"line":6,"column":28},"end":{"line":6,"column":50}},"4":{"start":{"line":7,"column":4},"end":{"line":7,"column":48}},"5":{"start":{"line":9,"column":9},"end":{"line":14,"column":null}},"6":{"start":{"line":10,"column":28},"end":{"line":10,"column":50}},"7":{"start":{"line":11,"column":4},"end":{"line":13,"column":null}},"8":{"start":{"line":12,"column":6},"end":{"line":12,"column":50}},"9":{"start":{"line":15,"column":9},"end":{"line":17,"column":null}},"10":{"start":{"line":16,"column":4},"end":{"line":16,"column":63}},"11":{"start":{"line":18,"column":0},"end":{"line":18,"column":null}},"12":{"start":{"line":3,"column":13},"end":{"line":3,"column":36}}},"fnMap":{"0":{"name":"(anonymous_0)","decl":{"start":{"line":3,"column":0},"end":{"line":3,"column":13}},"loc":{"start":{"line":3,"column":0},"end":{"line":18,"column":null}}},"1":{"name":"(anonymous_2)","decl":{"start":{"line":5,"column":2},"end":{"line":5,"column":9}},"loc":{"start":{"line":5,"column":31},"end":{"line":8,"column":3}}},"2":{"name":"(anonymous_3)","decl":{"start":{"line":9,"column":2},"end":{"line":9,"column":9}},"loc":{"start":{"line":9,"column":34},"end":{"line":14,"column":3}}},"3":{"name":"(anonymous_4)","decl":{"start":{"line":15,"column":2},"end":{"line":15,"column":9}},"loc":{"start":{"line":15,"column":33},"end":{"line":17,"column":3}}}},"branchMap":{"0":{"loc":{"start":{"line":11,"column":4},"end":{"line":13,"column":null}},"type":"if","locations":[{"start":{"line":11,"column":4},"end":{"line":13,"column":null}},{"start":{"line":11,"column":4},"end":{"line":13,"column":null}}]},"1":{"loc":{"start":{"line":16,"column":36},"end":{"line":16,"column":58}},"type":"cond-expr","locations":[{"start":{"line":16,"column":36},"end":{"line":16,"column":58}},{"start":{"line":16,"column":61},"end":{"line":16,"column":62}}]}},"s":{"0":1,"1":5,"2":1,"3":18,"4":18,"5":1,"6":8,"7":8,"8":8,"9":1,"10":41,"11":1,"12":1},"f":{"0":6,"1":18,"2":8,"3":41},"b":{"0":[8,0],"1":[31,10]}}
,"C:\\dev\\CommandDesignPattern\\src\\_non_important_details\\Product.ts": {"path":"C:\\dev\\CommandDesignPattern\\src\\_non_important_details\\Product.ts","statementMap":{"0":{"start":{"line":1,"column":0},"end":{"line":1,"column":13}},"1":{"start":{"line":2,"column":28},"end":{"line":2,"column":43}},"2":{"start":{"line":3,"column":0},"end":{"line":3,"column":null}},"3":{"start":{"line":1,"column":13},"end":{"line":1,"column":20}}},"fnMap":{"0":{"name":"(anonymous_0)","decl":{"start":{"line":1,"column":0},"end":{"line":1,"column":13}},"loc":{"start":{"line":1,"column":0},"end":{"line":3,"column":null}}},"1":{"name":"Product","decl":{"start":{"line":2,"column":2},"end":{"line":2,"column":28}},"loc":{"start":{"line":2,"column":43},"end":{"line":2,"column":47}}}},"branchMap":{},"s":{"0":1,"1":9,"2":1,"3":1},"f":{"0":1,"1":9},"b":{}}
}
