TN:
SF:src\AddToCartCommand.ts
FN:9,(anonymous_0)
FN:10,AddToCartCommand
FN:15,(anonymous_2)
FN:19,(anonymous_3)
FN:23,(anonymous_4)
FNF:5
FNH:5
FNDA:1,(anonymous_0)
FNDA:9,AddToCartCommand
FNDA:8,(anonymous_2)
FNDA:9,(anonymous_3)
FNDA:3,(anonymous_4)
DA:9,1
DA:11,9
DA:12,9
DA:13,9
DA:15,1
DA:16,8
DA:17,8
DA:19,1
DA:20,9
DA:21,9
DA:23,1
DA:24,3
DA:25,3
DA:26,3
DA:28,1
LF:15
LH:15
BRDA:20,0,0,0
BRDA:20,0,1,9
BRDA:24,1,0,0
BRDA:24,1,1,3
BRF:4
BRH:2
end_of_record
TN:
SF:src\CommandInvoker.ts
FN:3,(anonymous_0)
FN:5,CommandInvoker
FN:6,(anonymous_2)
FN:13,(anonymous_3)
FN:19,(anonymous_4)
FNF:5
FNH:5
FNDA:1,(anonymous_0)
FNDA:5,CommandInvoker
FNDA:9,(anonymous_2)
FNDA:1,(anonymous_3)
FNDA:1,(anonymous_4)
DA:3,1
DA:4,5
DA:6,1
DA:7,9
DA:8,8
DA:9,8
DA:13,1
DA:14,1
DA:15,2
DA:19,1
DA:20,1
DA:21,1
DA:22,1
DA:24,1
LF:14
LH:14
BRDA:7,0,0,8
BRDA:7,0,1,1
BRDA:20,1,0,0
BRDA:20,1,1,1
BRF:4
BRH:3
end_of_record
TN:
SF:src\_non_important_details\MemoryCartRepository.ts
FN:4,(anonymous_0)
FN:6,(anonymous_2)
FN:10,(anonymous_3)
FN:15,(anonymous_4)
FN:19,(anonymous_5)
FNF:5
FNH:5
FNDA:6,(anonymous_0)
FNDA:8,(anonymous_2)
FNDA:3,(anonymous_3)
FNDA:8,(anonymous_4)
FNDA:19,(anonymous_5)
DA:4,1
DA:5,5
DA:6,1
DA:7,8
DA:8,8
DA:10,1
DA:11,3
DA:12,3
DA:13,3
DA:15,1
DA:16,8
DA:19,1
DA:20,19
DA:22,1
LF:14
LH:14
BRDA:20,0,0,19
BRDA:20,0,1,8
BRF:2
BRH:2
end_of_record
TN:
SF:src\_non_important_details\MemoryProductRepository.ts
FN:3,(anonymous_0)
FN:5,(anonymous_2)
FN:9,(anonymous_3)
FN:15,(anonymous_4)
FNF:4
FNH:4
FNDA:6,(anonymous_0)
FNDA:18,(anonymous_2)
FNDA:8,(anonymous_3)
FNDA:41,(anonymous_4)
DA:3,1
DA:4,5
DA:5,1
DA:6,18
DA:7,18
DA:9,1
DA:10,8
DA:11,8
DA:12,8
DA:15,1
DA:16,41
DA:18,1
LF:12
LH:12
BRDA:11,0,0,8
BRDA:11,0,1,0
BRDA:16,1,0,31
BRDA:16,1,1,10
BRF:4
BRH:3
end_of_record
TN:
SF:src\_non_important_details\Product.ts
FN:1,(anonymous_0)
FN:2,Product
FNF:2
FNH:2
FNDA:1,(anonymous_0)
FNDA:9,Product
DA:1,1
DA:2,9
DA:3,1
LF:3
LH:3
BRF:0
BRH:0
end_of_record
